demoApp/build/outputs/apk/manifest-merger-debug-report.txt
-- Merging decision tree log ---
manifest
ADDED from AndroidManifest.xml:2:1
	xmlns:android
		ADDED from AndroidManifest.xml:2:11
	package
		ADDED from AndroidManifest.xml:3:5
		INJECTED from AndroidManifest.xml:0:0
		INJECTED from AndroidManifest.xml:0:0
	android:versionName
		ADDED from AndroidManifest.xml:5:5
	android:versionCode
		ADDED from AndroidManifest.xml:4:5
		INJECTED from AndroidManifest.xml:0:0
		INJECTED from AndroidManifest.xml:0:0
application
ADDED from AndroidManifest.xml:7:5
MERGED from newTouchToRecordDemo:javaCvVideoRecorder:unspecified:27:5
MERGED from com.android.support:support-v4:21.0.3:16:5
MERGED from com.android.support:support-v4:21.0.3:16:5
	android:label
		ADDED from AndroidManifest.xml:10:9
	android:allowBackup
		ADDED from AndroidManifest.xml:8:9
	android:icon
		ADDED from AndroidManifest.xml:9:9
	android:theme
		ADDED from AndroidManifest.xml:11:9
activity#com.sourab.touch.to.record.demo.MainActivity
ADDED from AndroidManifest.xml:12:9
	android:label
		ADDED from AndroidManifest.xml:14:13
	android:configChanges
		ADDED from AndroidManifest.xml:15:13
	android:name
		ADDED from AndroidManifest.xml:13:13
intent-filter#android.intent.action.MAIN+android.intent.category.LAUNCHER
ADDED from AndroidManifest.xml:17:13
action#android.intent.action.MAIN
ADDED from AndroidManifest.xml:18:17
	android:name
		ADDED from AndroidManifest.xml:18:25
category#android.intent.category.LAUNCHER
ADDED from AndroidManifest.xml:20:17
	android:name
		ADDED from AndroidManifest.xml:20:27
activity#com.javacv.recorder.FFmpegRecorderActivity
ADDED from AndroidManifest.xml:23:9
MERGED from newTouchToRecordDemo:javaCvVideoRecorder:unspecified:36:9
	android:screenOrientation
		ADDED from AndroidManifest.xml:26:13
	android:label
		ADDED from AndroidManifest.xml:25:13
	android:theme
		ADDED from AndroidManifest.xml:27:13
	android:name
		ADDED from AndroidManifest.xml:24:13
uses-sdk
INJECTED from AndroidManifest.xml:0:0 reason: use-sdk injection requested
MERGED from newTouchToRecordDemo:javaCvVideoRecorder:unspecified:7:5
MERGED from com.android.support:support-v4:21.0.3:15:5
MERGED from com.android.support:support-v4:21.0.3:15:5
	android:targetSdkVersion
		INJECTED from AndroidManifest.xml:0:0
		INJECTED from AndroidManifest.xml:0:0
	android:minSdkVersion
		INJECTED from AndroidManifest.xml:0:0
		INJECTED from AndroidManifest.xml:0:0
uses-permission#android.permission.CAMERA
ADDED from newTouchToRecordDemo:javaCvVideoRecorder:unspecified:11:5
	android:name
		ADDED from newTouchToRecordDemo:javaCvVideoRecorder:unspecified:11:22
uses-permission#android.permission.INTERNET
ADDED from newTouchToRecordDemo:javaCvVideoRecorder:unspecified:12:5
	android:name
		ADDED from newTouchToRecordDemo:javaCvVideoRecorder:unspecified:12:22
uses-permission#android.permission.RECORD_AUDIO
ADDED from newTouchToRecordDemo:javaCvVideoRecorder:unspecified:13:5
	android:name
		ADDED from newTouchToRecordDemo:javaCvVideoRecorder:unspecified:13:22
uses-permission#android.permission.WAKE_LOCK
ADDED from newTouchToRecordDemo:javaCvVideoRecorder:unspecified:14:5
	android:name
		ADDED from newTouchToRecordDemo:javaCvVideoRecorder:unspecified:14:22
uses-permission#android.permission.WRITE_EXTERNAL_STORAGE
ADDED from newTouchToRecordDemo:javaCvVideoRecorder:unspecified:15:5
	android:name
		ADDED from newTouchToRecordDemo:javaCvVideoRecorder:unspecified:15:22
permission#android.permission.FLASHLIGHT
ADDED from newTouchToRecordDemo:javaCvVideoRecorder:unspecified:17:5
	android:protectionLevel
		ADDED from newTouchToRecordDemo:javaCvVideoRecorder:unspecified:20:9
	android:permissionGroup
		ADDED from newTouchToRecordDemo:javaCvVideoRecorder:unspecified:19:9
	android:name
		ADDED from newTouchToRecordDemo:javaCvVideoRecorder:unspecified:18:9
uses-feature#android.hardware.camera
ADDED from newTouchToRecordDemo:javaCvVideoRecorder:unspecified:22:5
	android:name
		ADDED from newTouchToRecordDemo:javaCvVideoRecorder:unspecified:22:19
uses-feature#android.hardware.camera.front
ADDED from newTouchToRecordDemo:javaCvVideoRecorder:unspecified:23:5
	android:required
		ADDED from newTouchToRecordDemo:javaCvVideoRecorder:unspecified:25:9
	android:name
		ADDED from newTouchToRecordDemo:javaCvVideoRecorder:unspecified:24:9
uses-library#com.google.android.maps
ADDED from newTouchToRecordDemo:javaCvVideoRecorder:unspecified:32:9
	android:required
		ADDED from newTouchToRecordDemo:javaCvVideoRecorder:unspecified:34:13
	android:name
		ADDED from newTouchToRecordDemo:javaCvVideoRecorder:unspecified:33:13